2012-11-14 20:22:16,835 INFO  [main] parser.RSSParser  (RSSParser.java:46)     - Started RSS parsing.
2012-11-14 20:23:07,557 INFO  [main] parser.RSSParser  (RSSParser.java:46)     - Started RSS parsing.
2012-11-14 20:23:07,596 ERROR [main] parser.RSSParser  (RSSParser.java:64)     - The DataMeans object with title test DataMeans and id 1 failed to parse: 
java.net.MalformedURLException: no protocol: test url
	at java.net.URL.<init>(Unknown Source)
	at java.net.URL.<init>(Unknown Source)
	at java.net.URL.<init>(Unknown Source)
	at sun.datafusion.parser.RSSGrabber.<init>(RSSGrabber.java:52)
	at sun.datafusion.parser.RSSParser.parse(RSSParser.java:54)
	at sun.datafusion.parser.Main.main(Main.java:35)
2012-11-14 20:23:07,598 INFO  [main] parser.RSSParser  (RSSParser.java:69)     - RSS parsing completed.
2012-11-14 20:26:17,791 INFO  [main] parser.RSSParser  (RSSParser.java:46)     - Started RSS parsing.
2012-11-14 20:26:21,524 INFO  [main] parser.RSSParser  (RSSParser.java:46)     - Started RSS parsing.
2012-11-14 20:26:24,235 INFO  [main] parser.RSSParser  (RSSParser.java:69)     - RSS parsing completed.
2012-11-14 20:39:47,598 INFO  [main] parser.RSSParser  (RSSParser.java:46)     - Started RSS parsing.
2012-11-14 20:39:49,366 INFO  [main] parser.RSSParser  (RSSParser.java:69)     - RSS parsing completed.
2012-11-14 20:43:04,235 INFO  [main] parser.RSSParser  (RSSParser.java:46)     - Started RSS parsing.
2012-11-14 20:43:04,427 INFO  [main] parser.RSSParser  (RSSParser.java:69)     - RSS parsing completed.
2012-11-14 20:49:51,600 INFO  [main] parser.RSSParser  (RSSParser.java:46)     - Started RSS parsing.
2012-11-14 20:49:52,340 INFO  [main] parser.RSSParser  (RSSParser.java:69)     - RSS parsing completed.
2012-11-14 20:50:24,967 INFO  [main] parser.RSSParser  (RSSParser.java:46)     - Started RSS parsing.
2012-11-14 20:50:25,571 INFO  [main] parser.RSSParser  (RSSParser.java:69)     - RSS parsing completed.
2012-11-14 20:51:02,255 INFO  [main] parser.RSSParser  (RSSParser.java:46)     - Started RSS parsing.
2012-11-14 20:51:02,841 INFO  [main] parser.RSSParser  (RSSParser.java:69)     - RSS parsing completed.
2012-11-14 20:51:41,852 INFO  [main] parser.RSSParser  (RSSParser.java:46)     - Started RSS parsing.
2012-11-14 20:51:42,323 INFO  [main] parser.RSSParser  (RSSParser.java:69)     - RSS parsing completed.
2012-11-14 20:51:46,869 INFO  [main] parser.RSSParser  (RSSParser.java:46)     - Started RSS parsing.
2012-11-14 20:51:47,236 INFO  [main] parser.RSSParser  (RSSParser.java:69)     - RSS parsing completed.
2012-11-14 20:52:16,888 INFO  [main] parser.RSSParser  (RSSParser.java:46)     - Started RSS parsing.
2012-11-14 20:52:19,599 INFO  [main] parser.RSSParser  (RSSParser.java:69)     - RSS parsing completed.
2012-11-14 20:56:29,367 INFO  [main] parser.RSSParser  (RSSParser.java:46)     - Started RSS parsing.
2012-11-14 20:56:29,590 INFO  [main] parser.RSSParser  (RSSParser.java:46)     - Started RSS parsing.
2012-11-14 20:56:35,329 INFO  [main] parser.RSSParser  (RSSParser.java:69)     - RSS parsing completed.
2012-11-14 20:56:35,449 INFO  [main] parser.RSSParser  (RSSParser.java:69)     - RSS parsing completed.
2012-11-14 20:58:04,450 INFO  [main] parser.RSSParser  (RSSParser.java:46)     - Started RSS parsing.
2012-11-14 20:58:05,092 INFO  [main] parser.RSSParser  (RSSParser.java:69)     - RSS parsing completed.
2012-11-14 20:58:34,405 INFO  [main] parser.RSSParser  (RSSParser.java:46)     - Started RSS parsing.
2012-11-14 20:58:39,628 INFO  [main] parser.RSSParser  (RSSParser.java:69)     - RSS parsing completed.
2012-11-14 20:59:44,428 INFO  [main] parser.RSSParser  (RSSParser.java:46)     - Started RSS parsing.
2012-11-14 20:59:44,885 INFO  [main] parser.RSSParser  (RSSParser.java:69)     - RSS parsing completed.
2012-11-14 21:01:40,812 INFO  [main] parser.RSSParser  (RSSParser.java:46)     - Started RSS parsing.
2012-11-14 21:01:58,434 INFO  [main] parser.RSSParser  (RSSParser.java:69)     - RSS parsing completed.
2012-11-14 21:02:09,837 INFO  [main] parser.RSSParser  (RSSParser.java:46)     - Started RSS parsing.
2012-11-14 21:02:24,246 INFO  [main] parser.RSSParser  (RSSParser.java:69)     - RSS parsing completed.
2012-11-14 21:02:59,363 INFO  [main] parser.RSSParser  (RSSParser.java:46)     - Started RSS parsing.
2012-11-14 21:03:14,797 INFO  [main] parser.RSSParser  (RSSParser.java:69)     - RSS parsing completed.
2012-11-14 21:05:17,014 INFO  [main] parser.RSSParser  (RSSParser.java:46)     - Started RSS parsing.
2012-11-14 21:05:29,090 INFO  [main] parser.RSSParser  (RSSParser.java:69)     - RSS parsing completed.
2012-11-14 21:06:01,365 INFO  [main] parser.RSSParser  (RSSParser.java:46)     - Started RSS parsing.
2012-11-14 21:06:13,305 INFO  [main] parser.RSSParser  (RSSParser.java:69)     - RSS parsing completed.
2012-11-14 21:07:05,755 INFO  [main] parser.RSSParser  (RSSParser.java:46)     - Started RSS parsing.
2012-11-14 21:07:07,480 INFO  [main] parser.RSSParser  (RSSParser.java:69)     - RSS parsing completed.
2012-11-14 21:07:42,842 INFO  [main] parser.RSSParser  (RSSParser.java:46)     - Started RSS parsing.
2012-11-14 21:07:43,981 INFO  [main] parser.RSSParser  (RSSParser.java:69)     - RSS parsing completed.
2012-11-14 21:08:27,237 INFO  [main] parser.RSSParser  (RSSParser.java:46)     - Started RSS parsing.
2012-11-14 21:08:29,026 INFO  [main] parser.RSSParser  (RSSParser.java:69)     - RSS parsing completed.
2012-11-14 21:08:59,599 INFO  [main] parser.RSSParser  (RSSParser.java:46)     - Started RSS parsing.
2012-11-14 21:09:00,758 INFO  [main] parser.RSSParser  (RSSParser.java:69)     - RSS parsing completed.
2012-11-14 21:13:15,654 INFO  [main] parser.RSSParser  (RSSParser.java:46)     - Started RSS parsing.
2012-11-14 21:13:16,054 INFO  [main] parser.RSSParser  (RSSParser.java:46)     - Started RSS parsing.
2012-11-14 21:13:24,450 INFO  [main] parser.RSSParser  (RSSParser.java:69)     - RSS parsing completed.
2012-11-14 21:13:24,591 INFO  [main] parser.RSSParser  (RSSParser.java:69)     - RSS parsing completed.
2012-11-14 21:14:45,310 INFO  [main] parser.RSSParser  (RSSParser.java:46)     - Started RSS parsing.
2012-11-14 21:14:49,297 INFO  [main] parser.RSSParser  (RSSParser.java:69)     - RSS parsing completed.
2012-11-14 21:15:19,842 INFO  [main] parser.RSSParser  (RSSParser.java:46)     - Started RSS parsing.
2012-11-14 21:15:23,182 INFO  [main] parser.RSSParser  (RSSParser.java:69)     - RSS parsing completed.
2012-11-14 21:16:24,999 INFO  [main] parser.RSSParser  (RSSParser.java:46)     - Started RSS parsing.
2012-11-14 21:16:28,708 INFO  [main] parser.RSSParser  (RSSParser.java:69)     - RSS parsing completed.
2012-11-14 21:19:04,541 INFO  [main] parser.RSSParser  (RSSParser.java:46)     - Started RSS parsing.
2012-11-14 21:19:09,567 INFO  [main] parser.RSSParser  (RSSParser.java:69)     - RSS parsing completed.
2012-11-14 21:19:54,840 INFO  [main] parser.RSSParser  (RSSParser.java:46)     - Started RSS parsing.
2012-11-14 21:19:55,950 INFO  [main] parser.RSSParser  (RSSParser.java:69)     - RSS parsing completed.
2012-11-14 21:22:09,198 INFO  [main] parser.RSSParser  (RSSParser.java:46)     - Started RSS parsing.
2012-11-14 21:22:10,616 INFO  [main] parser.RSSParser  (RSSParser.java:69)     - RSS parsing completed.
2012-11-14 21:22:53,306 INFO  [main] parser.RSSParser  (RSSParser.java:46)     - Started RSS parsing.
2012-11-14 21:22:54,286 INFO  [main] parser.RSSParser  (RSSParser.java:69)     - RSS parsing completed.
2012-11-14 21:23:47,481 INFO  [main] parser.RSSParser  (RSSParser.java:46)     - Started RSS parsing.
2012-11-14 21:23:48,447 INFO  [main] parser.RSSParser  (RSSParser.java:69)     - RSS parsing completed.
2012-11-14 21:24:23,981 INFO  [main] parser.RSSParser  (RSSParser.java:46)     - Started RSS parsing.
2012-11-14 21:24:25,001 INFO  [main] parser.RSSParser  (RSSParser.java:69)     - RSS parsing completed.
2012-11-14 21:25:09,026 INFO  [main] parser.RSSParser  (RSSParser.java:46)     - Started RSS parsing.
2012-11-14 21:25:10,087 INFO  [main] parser.RSSParser  (RSSParser.java:69)     - RSS parsing completed.
2012-11-14 21:25:40,758 INFO  [main] parser.RSSParser  (RSSParser.java:46)     - Started RSS parsing.
2012-11-14 21:25:41,812 INFO  [main] parser.RSSParser  (RSSParser.java:69)     - RSS parsing completed.
2012-11-14 21:28:50,224 INFO  [main] parser.RSSParser  (RSSParser.java:46)     - Started RSS parsing.
2012-11-14 21:28:50,654 INFO  [main] parser.RSSParser  (RSSParser.java:69)     - RSS parsing completed.
